<?xml version="1.0" encoding="UTF-8"?>
<testng-results skipped="0" failed="0" ignored="0" total="1" passed="1">
  <reporter-output>
  </reporter-output>
  <suite name="Default suite" duration-ms="15385" started-at="2019-09-19T08:48:23Z" finished-at="2019-09-19T08:48:38Z">
    <groups>
    </groups>
    <test name="Default test" duration-ms="15385" started-at="2019-09-19T08:48:23Z" finished-at="2019-09-19T08:48:38Z">
      <class name="com.gmo.training.pom.Test99GuruLogin">
        <test-method status="PASS" signature="setup()[pri:0, instance:com.gmo.training.pom.Test99GuruLogin@91161c7]" name="setup" is-config="true" duration-ms="12569" started-at="2019-09-19T15:48:23Z" finished-at="2019-09-19T15:48:36Z">
          <reporter-output>
          </reporter-output>
        </test-method> <!-- setup -->
        <test-method status="PASS" signature="test_Home_Page_Appear_Correct()[pri:0, instance:com.gmo.training.pom.Test99GuruLogin@91161c7]" name="test_Home_Page_Appear_Correct" duration-ms="2789" started-at="2019-09-19T15:48:36Z" finished-at="2019-09-19T15:48:38Z">
          <reporter-output>
          </reporter-output>
        </test-method> <!-- test_Home_Page_Appear_Correct -->
      </class> <!-- com.gmo.training.pom.Test99GuruLogin -->
    </test> <!-- Default test -->
  </suite> <!-- Default suite -->
</testng-results>
